{"name": "Проверка, что после оформления заказа его номер появляется в разделе В работе", "status": "broken", "statusDetails": {"message": "selenium.common.exceptions.TimeoutException: Message: \nStacktrace:\nRemoteError@chrome://remote/content/shared/RemoteError.sys.mjs:8:8\nWebDriverError@chrome://remote/content/shared/webdriver/Errors.sys.mjs:193:5\nNoSuchElementError@chrome://remote/content/shared/webdriver/Errors.sys.mjs:511:5\ndom.find/</<@chrome://remote/content/shared/DOM.sys.mjs:136:16", "trace": "self = <test_order_feed_page.TestOrderFeed object at 0x000001A37B137800>\nlog_in_user = <selenium.webdriver.firefox.webdriver.WebDriver (session=\"19a934e0-a680-405a-856a-4bd84db3bc66\")>\ndriver = <selenium.webdriver.firefox.webdriver.WebDriver (session=\"19a934e0-a680-405a-856a-4bd84db3bc66\")>\n\n    @allure.title('Проверка, что после оформления заказа его номер появляется в разделе В работе')\n    def test_order_number_displayed_in_progress(self, log_in_user, driver):\n        driver = log_in_user\n        main_page = MainPage(driver)\n        order_feed_page = OrderFeedPage(driver)\n        order_number = main_page.order_create()\n        main_page.click_on_order_feed()\n>       orders_in_progress = order_feed_page.get_order_number_in_progress()\n\ntests\\test_order_feed_page.py:65: \n_ _ _ _ _ _ _ _ _ _ _ _ _ _ _ _ _ _ _ _ _ _ _ _ _ _ _ _ _ _ _ _ _ _ _ _ _ _ _ _ _ _ _ _ _ _ _ _ _ _ _ _ _ _ _ _ _ _ _ _ _ _ _ _ _ _ _ _ _ _ _ _ _ _ _ _ _ _ _ _ _ _ _ _ _ _ _ _ _ _ _ _\npages\\order_feed_page.py:23: in get_order_number_in_progress\n    self.waiting_for_item_to_be_visible(OrderFeedPageLocators.ORDER_IN_PROGRESS_NUMBER)\npages\\base_page.py:14: in waiting_for_item_to_be_visible\n    return WebDriverWait(self.driver, 20).until(expected_conditions.visibility_of_element_located(locator))\n_ _ _ _ _ _ _ _ _ _ _ _ _ _ _ _ _ _ _ _ _ _ _ _ _ _ _ _ _ _ _ _ _ _ _ _ _ _ _ _ _ _ _ _ _ _ _ _ _ _ _ _ _ _ _ _ _ _ _ _ _ _ _ _ _ _ _ _ _ _ _ _ _ _ _ _ _ _ _ _ _ _ _ _ _ _ _ _ _ _ _ _\n\nself = <selenium.webdriver.support.wait.WebDriverWait (session=\"19a934e0-a680-405a-856a-4bd84db3bc66\")>\nmethod = <function visibility_of_element_located.<locals>._predicate at 0x000001A37B234220>, message = ''\n\n    def until(self, method: Callable[[D], Union[Literal[False], T]], message: str = \"\") -> T:\n        \"\"\"Calls the method provided with the driver as an argument until the \\\n        return value does not evaluate to ``False``.\n    \n        :param method: callable(WebDriver)\n        :param message: optional message for :exc:`TimeoutException`\n        :returns: the result of the last call to `method`\n        :raises: :exc:`selenium.common.exceptions.TimeoutException` if timeout occurs\n        \"\"\"\n        screen = None\n        stacktrace = None\n    \n        end_time = time.monotonic() + self._timeout\n        while True:\n            try:\n                value = method(self._driver)\n                if value:\n                    return value\n            except self._ignored_exceptions as exc:\n                screen = getattr(exc, \"screen\", None)\n                stacktrace = getattr(exc, \"stacktrace\", None)\n            time.sleep(self._poll)\n            if time.monotonic() > end_time:\n                break\n>       raise TimeoutException(message, screen, stacktrace)\nE       selenium.common.exceptions.TimeoutException: Message: \nE       Stacktrace:\nE       RemoteError@chrome://remote/content/shared/RemoteError.sys.mjs:8:8\nE       WebDriverError@chrome://remote/content/shared/webdriver/Errors.sys.mjs:193:5\nE       NoSuchElementError@chrome://remote/content/shared/webdriver/Errors.sys.mjs:511:5\nE       dom.find/</<@chrome://remote/content/shared/DOM.sys.mjs:136:16\n\nC:\\phyton\\Lib\\site-packages\\selenium\\webdriver\\support\\wait.py:105: TimeoutException"}, "steps": [{"name": "Создание полного заказа и получение его номера", "status": "passed", "steps": [{"name": "Перетаскивание ингредиента в заказ", "status": "passed", "steps": [{"name": "Drag and drop элемента", "status": "passed", "steps": [{"name": "Ожидание загрузки объекта на странице", "status": "passed", "parameters": [{"name": "locator", "value": "('xpath', '//ul[contains(@class,\"BurgerIngredients_ingredients__list\")][1]/a[1]')"}], "start": 1720346397471, "stop": 1720346397484}, {"name": "Ожидание загрузки объекта на странице", "status": "passed", "parameters": [{"name": "locator", "value": "('xpath', '//section[contains(@class,\"BurgerConstructor_basket\")]')"}], "start": 1720346397484, "stop": 1720346397495}], "parameters": [{"name": "locator_from", "value": "('xpath', '//ul[contains(@class,\"BurgerIngredients_ingredients__list\")][1]/a[1]')"}, {"name": "locator_to", "value": "('xpath', '//section[contains(@class,\"BurgerConstructor_basket\")]')"}], "start": 1720346397470, "stop": 1720346398037}], "start": 1720346397470, "stop": 1720346398037}, {"name": "Нажатие на кнопку Оформить заказ", "status": "passed", "steps": [{"name": "Клик на объект", "status": "passed", "steps": [{"name": "Ожидание кликабельности объекта на странице", "status": "passed", "parameters": [{"name": "locator", "value": "('xpath', '//button[text()=\"Оформить заказ\"]')"}], "start": 1720346398037, "stop": 1720346398056}], "parameters": [{"name": "locator", "value": "('xpath', '//button[text()=\"Оформить заказ\"]')"}], "start": 1720346398037, "stop": 1720346398273}], "start": 1720346398037, "stop": 1720346398273}, {"name": "Проверка отсутствия элемента на странице", "status": "passed", "parameters": [{"name": "locator", "value": "('xpath', '//div/div[@class=\"Modal_modal_overlay__x2ZCr\"]')"}], "start": 1720346398273, "stop": 1720346398799}, {"name": "Получение номера заказа", "status": "passed", "steps": [{"name": "Ожидание загрузки объекта на странице", "status": "passed", "parameters": [{"name": "locator", "value": "('xpath', '//*[contains(@class, \"type_digits-large\")]')"}], "start": 1720346398800, "stop": 1720346398811}, {"name": "Проверка отсутствия элемента на странице", "status": "passed", "parameters": [{"name": "locator", "value": "('xpath', '//div/div[@class=\"Modal_modal_overlay__x2ZCr\"]')"}], "start": 1720346398812, "stop": 1720346398821}, {"name": "Посмотр какой текст отображается в необходимом объекте", "status": "passed", "steps": [{"name": "Ожидание загрузки объекта на странице", "status": "passed", "parameters": [{"name": "locator", "value": "('xpath', '//*[contains(@class, \"type_digits-large\")]')"}], "start": 1720346398821, "stop": 1720346398832}], "parameters": [{"name": "locator", "value": "('xpath', '//*[contains(@class, \"type_digits-large\")]')"}], "start": 1720346398821, "stop": 1720346398842}], "start": 1720346398800, "stop": 1720346398842}, {"name": "Закрытие всплывающего окна с номером заказа", "status": "passed", "steps": [{"name": "Проверка отсутствия элемента на странице", "status": "passed", "parameters": [{"name": "locator", "value": "('xpath', '//div/div[@class=\"Modal_modal_overlay__x2ZCr\"]')"}], "start": 1720346398842, "stop": 1720346398852}, {"name": "Клик на объект", "status": "passed", "steps": [{"name": "Ожидание кликабельности объекта на странице", "status": "passed", "parameters": [{"name": "locator", "value": "('xpath', '//button[contains(@class,\"Modal_modal__close\")]')"}], "start": 1720346398852, "stop": 1720346398868}], "parameters": [{"name": "locator", "value": "('xpath', '//button[contains(@class,\"Modal_modal__close\")]')"}], "start": 1720346398852, "stop": 1720346399081}], "start": 1720346398842, "stop": 1720346399081}], "start": 1720346397470, "stop": 1720346399081}, {"name": "Нажать на кнопку Лента заказов", "status": "passed", "steps": [{"name": "Клик на объект", "status": "passed", "steps": [{"name": "Ожидание кликабельности объекта на странице", "status": "passed", "parameters": [{"name": "locator", "value": "('xpath', '//p[text()=\"Лента Заказов\"]')"}], "start": 1720346399081, "stop": 1720346399100}], "parameters": [{"name": "locator", "value": "('xpath', '//p[text()=\"Лента Заказов\"]')"}], "start": 1720346399081, "stop": 1720346399325}], "start": 1720346399081, "stop": 1720346399325}, {"name": "Получение моего номера заказа", "status": "broken", "statusDetails": {"message": "selenium.common.exceptions.TimeoutException: Message: \nStacktrace:\nRemoteError@chrome://remote/content/shared/RemoteError.sys.mjs:8:8\nWebDriverError@chrome://remote/content/shared/webdriver/Errors.sys.mjs:193:5\nNoSuchElementError@chrome://remote/content/shared/webdriver/Errors.sys.mjs:511:5\ndom.find/</<@chrome://remote/content/shared/DOM.sys.mjs:136:16\n\n", "trace": "  File \"C:\\phyton\\Lib\\site-packages\\allure_commons\\_allure.py\", line 192, in impl\n    return func(*a, **kw)\n           ^^^^^^^^^^^^^^\n  File \"C:\\Users\\Sima\\Desktop\\Diplom_Serafima_Timkova_8\\Diplom_3\\pages\\order_feed_page.py\", line 23, in get_order_number_in_progress\n    self.waiting_for_item_to_be_visible(OrderFeedPageLocators.ORDER_IN_PROGRESS_NUMBER)\n  File \"C:\\phyton\\Lib\\site-packages\\allure_commons\\_allure.py\", line 192, in impl\n    return func(*a, **kw)\n           ^^^^^^^^^^^^^^\n  File \"C:\\Users\\Sima\\Desktop\\Diplom_Serafima_Timkova_8\\Diplom_3\\pages\\base_page.py\", line 14, in waiting_for_item_to_be_visible\n    return WebDriverWait(self.driver, 20).until(expected_conditions.visibility_of_element_located(locator))\n           ^^^^^^^^^^^^^^^^^^^^^^^^^^^^^^^^^^^^^^^^^^^^^^^^^^^^^^^^^^^^^^^^^^^^^^^^^^^^^^^^^^^^^^^^^^^^^^^^\n  File \"C:\\phyton\\Lib\\site-packages\\selenium\\webdriver\\support\\wait.py\", line 105, in until\n    raise TimeoutException(message, screen, stacktrace)\n"}, "steps": [{"name": "Ожидание загрузки объекта на странице", "status": "broken", "statusDetails": {"message": "selenium.common.exceptions.TimeoutException: Message: \nStacktrace:\nRemoteError@chrome://remote/content/shared/RemoteError.sys.mjs:8:8\nWebDriverError@chrome://remote/content/shared/webdriver/Errors.sys.mjs:193:5\nNoSuchElementError@chrome://remote/content/shared/webdriver/Errors.sys.mjs:511:5\ndom.find/</<@chrome://remote/content/shared/DOM.sys.mjs:136:16\n\n", "trace": "  File \"C:\\phyton\\Lib\\site-packages\\allure_commons\\_allure.py\", line 192, in impl\n    return func(*a, **kw)\n           ^^^^^^^^^^^^^^\n  File \"C:\\Users\\Sima\\Desktop\\Diplom_Serafima_Timkova_8\\Diplom_3\\pages\\base_page.py\", line 14, in waiting_for_item_to_be_visible\n    return WebDriverWait(self.driver, 20).until(expected_conditions.visibility_of_element_located(locator))\n           ^^^^^^^^^^^^^^^^^^^^^^^^^^^^^^^^^^^^^^^^^^^^^^^^^^^^^^^^^^^^^^^^^^^^^^^^^^^^^^^^^^^^^^^^^^^^^^^^\n  File \"C:\\phyton\\Lib\\site-packages\\selenium\\webdriver\\support\\wait.py\", line 105, in until\n    raise TimeoutException(message, screen, stacktrace)\n"}, "parameters": [{"name": "locator", "value": "('xpath', '//*[contains(@class,\"orderListReady\")]//li[contains(@class,\"digits-default\")]')"}], "start": 1720346399325, "stop": 1720346419504}], "start": 1720346399325, "stop": 1720346419505}], "parameters": [{"name": "driver", "value": "'Fox'"}], "start": 1720346397470, "stop": 1720346419506, "uuid": "3a14b6ab-8b0c-4337-b937-d1301976e8c9", "historyId": "4b1e0ea55b9fb4fcd5fc08e500a684ac", "testCaseId": "0dd0872e8c6232060c636f4413f0328b", "fullName": "tests.test_order_feed_page.TestOrderFeed#test_order_number_displayed_in_progress", "labels": [{"name": "parentSuite", "value": "tests"}, {"name": "suite", "value": "test_order_feed_page"}, {"name": "subSuite", "value": "TestOrderFeed"}, {"name": "host", "value": "DESKTOP-LU3QF62"}, {"name": "thread", "value": "26900-MainThread"}, {"name": "framework", "value": "pytest"}, {"name": "language", "value": "cpython3"}, {"name": "package", "value": "tests.test_order_feed_page"}]}